2019-03-04 08:38:28 DEBUG StandardEnvironment:110 - Adding PropertySource 'systemProperties' with lowest search precedence
2019-03-04 08:38:28 DEBUG StandardEnvironment:110 - Adding PropertySource 'systemEnvironment' with lowest search precedence
2019-03-04 08:38:28 DEBUG StandardEnvironment:126 - Initialized StandardEnvironment with PropertySources [MapPropertySource@1286084959 {name='systemProperties', properties={java.runtime.name=Java(TM) SE Runtime Environment, sun.boot.library.path=C:\Program Files\Java\jdk1.8.0_131\jre\bin, java.vm.version=25.131-b11, java.vm.vendor=Oracle Corporation, java.vendor.url=http://java.oracle.com/, path.separator=;, java.vm.name=Java HotSpot(TM) 64-Bit Server VM, file.encoding.pkg=sun.io, user.country=CN, user.script=, sun.java.launcher=SUN_STANDARD, sun.os.patch.level=, java.vm.specification.name=Java Virtual Machine Specification, user.dir=D:\SpringStudy\spring-sudy, java.runtime.version=1.8.0_131-b11, java.awt.graphicsenv=sun.awt.Win32GraphicsEnvironment, java.endorsed.dirs=C:\Program Files\Java\jdk1.8.0_131\jre\lib\endorsed, os.arch=amd64, java.io.tmpdir=C:\Users\pc\AppData\Local\Temp\, line.separator=
, java.vm.specification.vendor=Oracle Corporation, user.variant=, os.name=Windows 10, sun.jnu.encoding=GBK, java.library.path=C:\Program Files\Java\jdk1.8.0_131\bin;C:\WINDOWS\Sun\Java\bin;C:\WINDOWS\system32;C:\WINDOWS;C:\Program Files\Java\jdk1.8.0_131\bin;C:\ProgramData\Oracle\Java\javapath;D:\应用程序\elasticsearch-6.3.2\elasticsearch-6.3.2\bin;C:\;rogram Files (x86)\Intel\iCLS Client\;C:\Program Files\Intel\iCLS Client\;C:\WINDOWS\system32;C:\WINDOWS;C:\WINDOWS\System32\Wbem;C:\WINDOWS\System32\WindowsPowerShell\v1.0\;C:\Program Files (x86)\Intel\Intel(R) Management Engine Components\DAL;C:\Program Files\Intel\Intel(R) Management Engine Components\DAL;C:\Program Files (x86)\Intel\Intel(R) Management Engine Components\IPT;C:\Program Files\Intel\Intel(R) Management Engine Components\IPT;C:\WINDOWS\System32\OpenSSH\;D:\apache-maven-3.5.4\bin;C:\Program Files\MySQL\MySQL Utilities 1.6\;D:\Program Files\;D:\tools\Git\cmd;C:\Users\pc\AppData\Local\Microsoft\WindowsApps;;D:\应用程序\Docker Toolbox;;D:;应用程序\Docker Toolbox;D:\应用程序\Microsoft VS Code\bin;C:\Users\pc\AppData\Roaming\npm;., java.specification.name=Java Platform API Specification, java.class.version=52.0, sun.management.compiler=HotSpot 64-Bit Tiered Compilers, os.version=10.0, user.home=C:\Users\pc, user.timezone=Asia/Shanghai, java.awt.printerjob=sun.awt.windows.WPrinterJob, file.encoding=UTF-8, java.specification.version=1.8, java.class.path=C:\Program Files\Java\jdk1.8.0_131\jre\lib\charsets.jar;C:\Program Files\Java\jdk1.8.0_131\jre\lib\deploy.jar;C:\Program Files\Java\jdk1.8.0_131\jre\lib\ext\access-bridge-64.jar;C:\Program Files\Java\jdk1.8.0_131\jre\lib\ext\cldrdata.jar;C:\Program Files\Java\jdk1.8.0_131\jre\lib\ext\dnsns.jar;C:\Program Files\Java\jdk1.8.0_131\jre\lib\ext\jaccess.jar;C:\Program Files\Java\jdk1.8.0_131\jre\lib\ext\jfxrt.jar;C:\Program Files\Java\jdk1.8.0_131\jre\lib\ext\localedata.jar;C:\Program Files\Java\jdk1.8.0_131\jre\lib\ext\nashorn.jar;C:\Program Files\Java\jdk1.8.0_131\jre\lib\ext\sunec.jar;C:\Program Files\Java\jdk1.8.0_131\jre\lib\ext\sunjce_provider.jar;C:\Program Files\Java\jdk1.8.0_131\jre\lib\ext\sunmscapi.jar;C:\Program Files\Java\jdk1.8.0_131\jre\lib\ext\sunpkcs11.jar;C:\Program Files\Java\jdk1.8.0_131\jre\lib\ext\zipfs.jar;C:\Program Files\Java\jdk1.8.0_131\jre\lib\javaws.jar;C:\Program Files\Java\jdk1.8.0_131\jre\lib\jce.jar;C:\Program Files\Java\jdk1.8.0_131\jre\lib\jfr.jar;C:\Program Files\Java\jdk1.8.0_131\jre\lib\jfxswt.jar;C:\Program Files\Java\jdk1.8.0_131\jre\lib\jsse.jar;C:\Program Files\Java\jdk1.8.0_131\jre\lib\management-agent.jar;C:\Program Files\Java\jdk1.8.0_131\jre\lib\plugin.jar;C:\Program Files\Java\jdk1.8.0_131\jre\lib\resources.jar;C:\Program Files\Java\jdk1.8.0_131\jre\lib\rt.jar;D:\SpringStudy\spring-sudy\quickstart\target\classes;D:\maven_jar\org\springframework\spring-context\5.0.10.RELEASE\spring-context-5.0.10.RELEASE.jar;D:\maven_jar\org\springframework\spring-aop\5.0.10.RELEASE\spring-aop-5.0.10.RELEASE.jar;D:\maven_jar\org\springframework\spring-beans\5.0.10.RELEASE\spring-beans-5.0.10.RELEASE.jar;D:\maven_jar\org\springframework\spring-core\5.0.10.RELEASE\spring-core-5.0.10.RELEASE.jar;D:\maven_jar\org\springframework\spring-jcl\5.0.10.RELEASE\spring-jcl-5.0.10.RELEASE.jar;D:\maven_jar\org\springframework\spring-expression\5.0.10.RELEASE\spring-expression-5.0.10.RELEASE.jar;D:\maven_jar\org\projectlombok\lombok\1.16.18\lombok-1.16.18.jar;D:\maven_jar\org\slf4j\slf4j-api\1.6.6\slf4j-api-1.6.6.jar;D:\maven_jar\org\slf4j\slf4j-log4j12\1.6.6\slf4j-log4j12-1.6.6.jar;D:\maven_jar\log4j\log4j\1.2.16\log4j-1.2.16.jar;D:\应用程序\IntelliJ IDEA 2018.2.2\lib\idea_rt.jar, user.name=pc, java.vm.specification.version=1.8, sun.java.command=annotation.StudentApp, java.home=C:\Program Files\Java\jdk1.8.0_131\jre, sun.arch.data.model=64, user.language=zh, java.specification.vendor=Oracle Corporation, awt.toolkit=sun.awt.windows.WToolkit, java.vm.info=mixed mode, java.version=1.8.0_131, java.ext.dirs=C:\Program Files\Java\jdk1.8.0_131\jre\lib\ext;C:\WINDOWS\Sun\Java\lib\ext, sun.boot.class.path=C:\Program Files\Java\jdk1.8.0_131\jre\lib\resources.jar;C:\Program Files\Java\jdk1.8.0_131\jre\lib\rt.jar;C:\Program Files\Java\jdk1.8.0_131\jre\lib\sunrsasign.jar;C:\Program Files\Java\jdk1.8.0_131\jre\lib\jsse.jar;C:\Program Files\Java\jdk1.8.0_131\jre\lib\jce.jar;C:\Program Files\Java\jdk1.8.0_131\jre\lib\charsets.jar;C:\Program Files\Java\jdk1.8.0_131\jre\lib\jfr.jar;C:\Program Files\Java\jdk1.8.0_131\jre\classes, java.vendor=Oracle Corporation, file.separator=\, java.vendor.url.bug=http://bugreport.sun.com/bugreport/, sun.io.unicode.encoding=UnicodeLittle, sun.cpu.endian=little, sun.desktop=windows, sun.cpu.isalist=amd64}}, SystemEnvironmentPropertySource@1709537756 {name='systemEnvironment', properties={USERDOMAIN_ROAMINGPROFILE=DESKTOP-9HNLV61, LOCALAPPDATA=C:\Users\pc\AppData\Local, PROCESSOR_LEVEL=6, USERDOMAIN=DESKTOP-9HNLV61, LOGONSERVER=\\DESKTOP-9HNLV61, JAVA_HOME=C:\Program Files\Java\jdk1.8.0_131, SESSIONNAME=Console, ALLUSERSPROFILE=C:\ProgramData, PROCESSOR_ARCHITECTURE=AMD64, PSModulePath=C:\Program Files\WindowsPowerShell\Modules;C:\WINDOWS\system32\WindowsPowerShell\v1.0\Modules, SystemDrive=C:, OneDrive=C:\Users\pc\OneDrive, APPDATA=C:\Users\pc\AppData\Roaming, USERNAME=pc, ProgramFiles(x86)=C:\Program Files (x86), CommonProgramFiles=C:\Program Files\Common Files, Path=C:\Program Files\Java\jdk1.8.0_131\bin;C:\ProgramData\Oracle\Java\javapath;D:\应用程序\elasticsearch-6.3.2\elasticsearch-6.3.2\bin;C:\;rogram Files (x86)\Intel\iCLS Client\;C:\Program Files\Intel\iCLS Client\;C:\WINDOWS\system32;C:\WINDOWS;C:\WINDOWS\System32\Wbem;C:\WINDOWS\System32\WindowsPowerShell\v1.0\;C:\Program Files (x86)\Intel\Intel(R) Management Engine Components\DAL;C:\Program Files\Intel\Intel(R) Management Engine Components\DAL;C:\Program Files (x86)\Intel\Intel(R) Management Engine Components\IPT;C:\Program Files\Intel\Intel(R) Management Engine Components\IPT;C:\WINDOWS\System32\OpenSSH\;D:\apache-maven-3.5.4\bin;C:\Program Files\MySQL\MySQL Utilities 1.6\;D:\Program Files\;D:\tools\Git\cmd;C:\Users\pc\AppData\Local\Microsoft\WindowsApps;;D:\应用程序\Docker Toolbox;;D:;应用程序\Docker Toolbox;D:\应用程序\Microsoft VS Code\bin;C:\Users\pc\AppData\Roaming\npm, PATHEXT=.COM;.EXE;.BAT;.CMD;.VBS;.VBE;.JS;.JSE;.WSF;.WSH;.MSC, DriverData=C:\Windows\System32\Drivers\DriverData, OS=Windows_NT, COMPUTERNAME=DESKTOP-9HNLV61, PROCESSOR_REVISION=8e09, CommonProgramW6432=C:\Program Files\Common Files, ComSpec=C:\WINDOWS\system32\cmd.exe, ProgramData=C:\ProgramData, ProgramW6432=C:\Program Files, HOMEPATH=\Users\pc, SystemRoot=C:\WINDOWS, TEMP=C:\Users\pc\AppData\Local\Temp, HOMEDRIVE=C:, PROCESSOR_IDENTIFIER=Intel64 Family 6 Model 142 Stepping 9, GenuineIntel, USERPROFILE=C:\Users\pc, TMP=C:\Users\pc\AppData\Local\Temp, M2_HOME=D:\apache-maven-3.5.4, CommonProgramFiles(x86)=C:\Program Files (x86)\Common Files, ProgramFiles=C:\Program Files, PUBLIC=C:\Users\Public, NUMBER_OF_PROCESSORS=4, windir=C:\WINDOWS, =::=::\}}]
2019-03-04 08:38:28  INFO AnnotationConfigApplicationContext:588 - Refreshing org.springframework.context.annotation.AnnotationConfigApplicationContext@1b701da1: startup date [Mon Mar 04 08:38:28 CST 2019]; root of context hierarchy
2019-03-04 08:38:28 DEBUG AnnotationConfigApplicationContext:622 - Bean factory for org.springframework.context.annotation.AnnotationConfigApplicationContext@1b701da1: org.springframework.beans.factory.support.DefaultListableBeanFactory@51081592: defining beans [org.springframework.context.annotation.internalConfigurationAnnotationProcessor,org.springframework.context.annotation.internalAutowiredAnnotationProcessor,org.springframework.context.annotation.internalRequiredAnnotationProcessor,org.springframework.context.annotation.internalCommonAnnotationProcessor,org.springframework.context.event.internalEventListenerProcessor,org.springframework.context.event.internalEventListenerFactory,studentApp]; root of factory hierarchy
2019-03-04 08:38:28 DEBUG DefaultListableBeanFactory:213 - Creating shared instance of singleton bean 'org.springframework.context.annotation.internalConfigurationAnnotationProcessor'
2019-03-04 08:38:28 DEBUG DefaultListableBeanFactory:460 - Creating instance of bean 'org.springframework.context.annotation.internalConfigurationAnnotationProcessor'
2019-03-04 08:38:28 DEBUG DefaultListableBeanFactory:563 - Eagerly caching bean 'org.springframework.context.annotation.internalConfigurationAnnotationProcessor' to allow for resolving potential circular references
2019-03-04 08:38:28 DEBUG DefaultListableBeanFactory:497 - Finished creating instance of bean 'org.springframework.context.annotation.internalConfigurationAnnotationProcessor'
2019-03-04 08:38:29 DEBUG PathMatchingResourcePatternResolver:321 - Resolved classpath location [annotation/] to resources [URL [file:/D:/SpringStudy/spring-sudy/quickstart/target/classes/annotation/]]
2019-03-04 08:38:29 DEBUG PathMatchingResourcePatternResolver:721 - Looking for matching resources in directory tree [D:\SpringStudy\spring-sudy\quickstart\target\classes\annotation]
2019-03-04 08:38:29 DEBUG PathMatchingResourcePatternResolver:783 - Searching directory [D:\SpringStudy\spring-sudy\quickstart\target\classes\annotation] for files matching pattern [D:/SpringStudy/spring-sudy/quickstart/target/classes/annotation/**/*.class]
2019-03-04 08:38:29 DEBUG PathMatchingResourcePatternResolver:514 - Resolved location pattern [classpath*:annotation/**/*.class] to resources [file [D:\SpringStudy\spring-sudy\quickstart\target\classes\annotation\Hello.class], file [D:\SpringStudy\spring-sudy\quickstart\target\classes\annotation\HelloApp.class], file [D:\SpringStudy\spring-sudy\quickstart\target\classes\annotation\Phone.class], file [D:\SpringStudy\spring-sudy\quickstart\target\classes\annotation\Student.class], file [D:\SpringStudy\spring-sudy\quickstart\target\classes\annotation\StudentApp.class]]
2019-03-04 08:38:29 DEBUG ClassPathBeanDefinitionScanner:437 - Identified candidate component class: file [D:\SpringStudy\spring-sudy\quickstart\target\classes\annotation\Hello.class]
2019-03-04 08:38:29 DEBUG ClassPathBeanDefinitionScanner:437 - Identified candidate component class: file [D:\SpringStudy\spring-sudy\quickstart\target\classes\annotation\Phone.class]
2019-03-04 08:38:29 DEBUG ClassPathBeanDefinitionScanner:437 - Identified candidate component class: file [D:\SpringStudy\spring-sudy\quickstart\target\classes\annotation\Student.class]
2019-03-04 08:38:29 DEBUG DefaultListableBeanFactory:213 - Creating shared instance of singleton bean 'org.springframework.context.annotation.internalAutowiredAnnotationProcessor'
2019-03-04 08:38:29 DEBUG DefaultListableBeanFactory:460 - Creating instance of bean 'org.springframework.context.annotation.internalAutowiredAnnotationProcessor'
2019-03-04 08:38:29 DEBUG DefaultListableBeanFactory:563 - Eagerly caching bean 'org.springframework.context.annotation.internalAutowiredAnnotationProcessor' to allow for resolving potential circular references
2019-03-04 08:38:29 DEBUG DefaultListableBeanFactory:497 - Finished creating instance of bean 'org.springframework.context.annotation.internalAutowiredAnnotationProcessor'
2019-03-04 08:38:29 DEBUG DefaultListableBeanFactory:213 - Creating shared instance of singleton bean 'org.springframework.context.annotation.internalRequiredAnnotationProcessor'
2019-03-04 08:38:29 DEBUG DefaultListableBeanFactory:460 - Creating instance of bean 'org.springframework.context.annotation.internalRequiredAnnotationProcessor'
2019-03-04 08:38:29 DEBUG DefaultListableBeanFactory:563 - Eagerly caching bean 'org.springframework.context.annotation.internalRequiredAnnotationProcessor' to allow for resolving potential circular references
2019-03-04 08:38:29 DEBUG DefaultListableBeanFactory:497 - Finished creating instance of bean 'org.springframework.context.annotation.internalRequiredAnnotationProcessor'
2019-03-04 08:38:29 DEBUG DefaultListableBeanFactory:213 - Creating shared instance of singleton bean 'org.springframework.context.annotation.internalCommonAnnotationProcessor'
2019-03-04 08:38:29 DEBUG DefaultListableBeanFactory:460 - Creating instance of bean 'org.springframework.context.annotation.internalCommonAnnotationProcessor'
2019-03-04 08:38:29 DEBUG DefaultListableBeanFactory:563 - Eagerly caching bean 'org.springframework.context.annotation.internalCommonAnnotationProcessor' to allow for resolving potential circular references
2019-03-04 08:38:29 DEBUG DefaultListableBeanFactory:497 - Finished creating instance of bean 'org.springframework.context.annotation.internalCommonAnnotationProcessor'
2019-03-04 08:38:29 DEBUG AnnotationConfigApplicationContext:739 - Unable to locate MessageSource with name 'messageSource': using default [org.springframework.context.support.DelegatingMessageSource@545997b1]
2019-03-04 08:38:29 DEBUG AnnotationConfigApplicationContext:763 - Unable to locate ApplicationEventMulticaster with name 'applicationEventMulticaster': using default [org.springframework.context.event.SimpleApplicationEventMulticaster@24a35978]
2019-03-04 08:38:29 DEBUG DefaultListableBeanFactory:728 - Pre-instantiating singletons in org.springframework.beans.factory.support.DefaultListableBeanFactory@51081592: defining beans [org.springframework.context.annotation.internalConfigurationAnnotationProcessor,org.springframework.context.annotation.internalAutowiredAnnotationProcessor,org.springframework.context.annotation.internalRequiredAnnotationProcessor,org.springframework.context.annotation.internalCommonAnnotationProcessor,org.springframework.context.event.internalEventListenerProcessor,org.springframework.context.event.internalEventListenerFactory,studentApp,hello,phone,student]; root of factory hierarchy
2019-03-04 08:38:29 DEBUG DefaultListableBeanFactory:254 - Returning cached instance of singleton bean 'org.springframework.context.annotation.internalConfigurationAnnotationProcessor'
2019-03-04 08:38:29 DEBUG DefaultListableBeanFactory:254 - Returning cached instance of singleton bean 'org.springframework.context.annotation.internalAutowiredAnnotationProcessor'
2019-03-04 08:38:29 DEBUG DefaultListableBeanFactory:254 - Returning cached instance of singleton bean 'org.springframework.context.annotation.internalRequiredAnnotationProcessor'
2019-03-04 08:38:29 DEBUG DefaultListableBeanFactory:254 - Returning cached instance of singleton bean 'org.springframework.context.annotation.internalCommonAnnotationProcessor'
2019-03-04 08:38:29 DEBUG DefaultListableBeanFactory:213 - Creating shared instance of singleton bean 'org.springframework.context.event.internalEventListenerProcessor'
2019-03-04 08:38:29 DEBUG DefaultListableBeanFactory:460 - Creating instance of bean 'org.springframework.context.event.internalEventListenerProcessor'
2019-03-04 08:38:29 DEBUG DefaultListableBeanFactory:563 - Eagerly caching bean 'org.springframework.context.event.internalEventListenerProcessor' to allow for resolving potential circular references
2019-03-04 08:38:29 DEBUG DefaultListableBeanFactory:497 - Finished creating instance of bean 'org.springframework.context.event.internalEventListenerProcessor'
2019-03-04 08:38:29 DEBUG DefaultListableBeanFactory:213 - Creating shared instance of singleton bean 'org.springframework.context.event.internalEventListenerFactory'
2019-03-04 08:38:29 DEBUG DefaultListableBeanFactory:460 - Creating instance of bean 'org.springframework.context.event.internalEventListenerFactory'
2019-03-04 08:38:29 DEBUG DefaultListableBeanFactory:563 - Eagerly caching bean 'org.springframework.context.event.internalEventListenerFactory' to allow for resolving potential circular references
2019-03-04 08:38:29 DEBUG DefaultListableBeanFactory:497 - Finished creating instance of bean 'org.springframework.context.event.internalEventListenerFactory'
2019-03-04 08:38:29 DEBUG DefaultListableBeanFactory:213 - Creating shared instance of singleton bean 'studentApp'
2019-03-04 08:38:29 DEBUG DefaultListableBeanFactory:460 - Creating instance of bean 'studentApp'
2019-03-04 08:38:29 DEBUG DefaultListableBeanFactory:563 - Eagerly caching bean 'studentApp' to allow for resolving potential circular references
2019-03-04 08:38:29 DEBUG DefaultListableBeanFactory:497 - Finished creating instance of bean 'studentApp'
2019-03-04 08:38:29 DEBUG DefaultListableBeanFactory:213 - Creating shared instance of singleton bean 'hello'
2019-03-04 08:38:29 DEBUG DefaultListableBeanFactory:460 - Creating instance of bean 'hello'
2019-03-04 08:38:29 DEBUG DefaultListableBeanFactory:563 - Eagerly caching bean 'hello' to allow for resolving potential circular references
2019-03-04 08:38:29 DEBUG DefaultListableBeanFactory:497 - Finished creating instance of bean 'hello'
2019-03-04 08:38:29 DEBUG DefaultListableBeanFactory:213 - Creating shared instance of singleton bean 'phone'
2019-03-04 08:38:29 DEBUG DefaultListableBeanFactory:460 - Creating instance of bean 'phone'
2019-03-04 08:38:29 DEBUG InjectionMetadata:74 - Registered injected element on class [annotation.Phone]: AutowiredFieldElement for private java.lang.String annotation.Phone.brand
2019-03-04 08:38:29 DEBUG InjectionMetadata:74 - Registered injected element on class [annotation.Phone]: AutowiredFieldElement for private double annotation.Phone.price
2019-03-04 08:38:29 DEBUG DefaultListableBeanFactory:563 - Eagerly caching bean 'phone' to allow for resolving potential circular references
2019-03-04 08:38:29 DEBUG InjectionMetadata:88 - Processing injected element of bean 'phone': AutowiredFieldElement for private java.lang.String annotation.Phone.brand
2019-03-04 08:38:29 DEBUG InjectionMetadata:88 - Processing injected element of bean 'phone': AutowiredFieldElement for private double annotation.Phone.price
2019-03-04 08:38:29 DEBUG DefaultListableBeanFactory:497 - Finished creating instance of bean 'phone'
2019-03-04 08:38:29 DEBUG DefaultListableBeanFactory:213 - Creating shared instance of singleton bean 'student'
2019-03-04 08:38:29 DEBUG DefaultListableBeanFactory:460 - Creating instance of bean 'student'
2019-03-04 08:38:29 DEBUG InjectionMetadata:74 - Registered injected element on class [annotation.Student]: AutowiredFieldElement for private java.lang.String annotation.Student.name
2019-03-04 08:38:29 DEBUG InjectionMetadata:74 - Registered injected element on class [annotation.Student]: AutowiredFieldElement for private int annotation.Student.age
2019-03-04 08:38:29 DEBUG InjectionMetadata:74 - Registered injected element on class [annotation.Student]: AutowiredFieldElement for private annotation.Phone annotation.Student.phone
2019-03-04 08:38:29 DEBUG DefaultListableBeanFactory:563 - Eagerly caching bean 'student' to allow for resolving potential circular references
2019-03-04 08:38:29 DEBUG InjectionMetadata:88 - Processing injected element of bean 'student': AutowiredFieldElement for private java.lang.String annotation.Student.name
2019-03-04 08:38:29 DEBUG InjectionMetadata:88 - Processing injected element of bean 'student': AutowiredFieldElement for private int annotation.Student.age
2019-03-04 08:38:29 DEBUG InjectionMetadata:88 - Processing injected element of bean 'student': AutowiredFieldElement for private annotation.Phone annotation.Student.phone
2019-03-04 08:38:29 DEBUG DefaultListableBeanFactory:254 - Returning cached instance of singleton bean 'phone'
2019-03-04 08:38:29 DEBUG AutowiredAnnotationBeanPostProcessor:527 - Autowiring by type from bean name 'student' to bean named 'phone'
2019-03-04 08:38:29 DEBUG DefaultListableBeanFactory:497 - Finished creating instance of bean 'student'
2019-03-04 08:38:29 DEBUG DefaultListableBeanFactory:254 - Returning cached instance of singleton bean 'org.springframework.context.event.internalEventListenerFactory'
2019-03-04 08:38:29 DEBUG AnnotationConfigApplicationContext:790 - Unable to locate LifecycleProcessor with name 'lifecycleProcessor': using default [org.springframework.context.support.DefaultLifecycleProcessor@21a947fe]
2019-03-04 08:38:29 DEBUG DefaultListableBeanFactory:254 - Returning cached instance of singleton bean 'lifecycleProcessor'
2019-03-04 08:38:29 DEBUG PropertySourcesPropertyResolver:96 - Could not find key 'spring.liveBeansView.mbeanDomain' in any property source
2019-03-04 08:38:29 DEBUG DefaultListableBeanFactory:254 - Returning cached instance of singleton bean 'student'
2019-03-04 10:15:50 DEBUG ClassPathXmlApplicationContext:594 - Refreshing org.springframework.context.support.ClassPathXmlApplicationContext@368102c8
2019-03-04 10:15:51 DEBUG XmlBeanDefinitionReader:395 - Loaded 2 bean definitions from class path resource [spring.xml]
2019-03-04 10:15:51 DEBUG DefaultListableBeanFactory:213 - Creating shared instance of singleton bean 'messageServiceImpl'
2019-03-04 10:15:51 DEBUG DefaultListableBeanFactory:213 - Creating shared instance of singleton bean 'messagePrinter'
2019-03-05 20:23:00 DEBUG ClassPathXmlApplicationContext:594 - Refreshing org.springframework.context.support.ClassPathXmlApplicationContext@368102c8
2019-03-05 20:23:00 DEBUG XmlBeanDefinitionReader:395 - Loaded 9 bean definitions from class path resource [spring.xml]
2019-03-05 20:23:00 DEBUG DefaultListableBeanFactory:213 - Creating shared instance of singleton bean 'messageServiceImpl'
2019-03-05 20:23:00 DEBUG DefaultListableBeanFactory:213 - Creating shared instance of singleton bean 'messagePrinter'
2019-03-05 20:23:00 DEBUG DefaultListableBeanFactory:213 - Creating shared instance of singleton bean 'car1'
2019-03-05 20:23:00 DEBUG DefaultListableBeanFactory:213 - Creating shared instance of singleton bean 'car2'
2019-03-05 20:23:00 DEBUG DefaultListableBeanFactory:213 - Creating shared instance of singleton bean 'car3'
2019-03-05 20:23:00 DEBUG DefaultListableBeanFactory:213 - Creating shared instance of singleton bean 'boss1'
2019-03-05 20:23:00 DEBUG DefaultListableBeanFactory:213 - Creating shared instance of singleton bean 'boss2'
2019-03-05 20:23:00 DEBUG DefaultListableBeanFactory:213 - Creating shared instance of singleton bean 'boss3'
2019-03-05 20:23:00 DEBUG DefaultListableBeanFactory:213 - Creating shared instance of singleton bean 'meeting'
2019-03-05 20:23:00  WARN ClassPathXmlApplicationContext:557 - Exception encountered during context initialization - cancelling refresh attempt: org.springframework.beans.factory.BeanCreationException: Error creating bean with name 'meeting' defined in class path resource [spring.xml]: Initialization of bean failed; nested exception is org.springframework.beans.ConversionNotSupportedException: Failed to convert property value of type 'java.util.ArrayList' to required type 'java.util.List' for property 'boss'; nested exception is java.lang.IllegalStateException: Cannot convert value of type 'com.spring.Boss' to required type 'java.lang.String' for property 'boss[0]': no matching editors or conversion strategy found
2019-03-05 20:29:04 DEBUG ClassPathXmlApplicationContext:594 - Refreshing org.springframework.context.support.ClassPathXmlApplicationContext@368102c8
2019-03-05 20:29:04 DEBUG XmlBeanDefinitionReader:395 - Loaded 9 bean definitions from class path resource [spring.xml]
2019-03-05 20:29:04 DEBUG DefaultListableBeanFactory:213 - Creating shared instance of singleton bean 'messageServiceImpl'
2019-03-05 20:29:04 DEBUG DefaultListableBeanFactory:213 - Creating shared instance of singleton bean 'messagePrinter'
2019-03-05 20:29:04 DEBUG DefaultListableBeanFactory:213 - Creating shared instance of singleton bean 'car1'
2019-03-05 20:29:04 DEBUG DefaultListableBeanFactory:213 - Creating shared instance of singleton bean 'car2'
2019-03-05 20:29:04 DEBUG DefaultListableBeanFactory:213 - Creating shared instance of singleton bean 'car3'
2019-03-05 20:29:04 DEBUG DefaultListableBeanFactory:213 - Creating shared instance of singleton bean 'boss1'
2019-03-05 20:29:04 DEBUG DefaultListableBeanFactory:213 - Creating shared instance of singleton bean 'boss2'
2019-03-05 20:29:04 DEBUG DefaultListableBeanFactory:213 - Creating shared instance of singleton bean 'boss3'
2019-03-05 20:29:04 DEBUG DefaultListableBeanFactory:213 - Creating shared instance of singleton bean 'meeting'
2019-03-05 20:29:04  WARN ClassPathXmlApplicationContext:557 - Exception encountered during context initialization - cancelling refresh attempt: org.springframework.beans.factory.BeanCreationException: Error creating bean with name 'meeting' defined in class path resource [spring.xml]: Initialization of bean failed; nested exception is org.springframework.beans.ConversionNotSupportedException: Failed to convert property value of type 'java.util.ArrayList' to required type 'java.util.List' for property 'boss'; nested exception is java.lang.IllegalStateException: Cannot convert value of type 'com.spring.Boss' to required type 'java.lang.String' for property 'boss[0]': no matching editors or conversion strategy found
2019-03-05 20:29:53 DEBUG ClassPathXmlApplicationContext:594 - Refreshing org.springframework.context.support.ClassPathXmlApplicationContext@368102c8
2019-03-05 20:29:54 DEBUG XmlBeanDefinitionReader:395 - Loaded 9 bean definitions from class path resource [spring.xml]
2019-03-05 20:29:54 DEBUG DefaultListableBeanFactory:213 - Creating shared instance of singleton bean 'messageServiceImpl'
2019-03-05 20:29:54 DEBUG DefaultListableBeanFactory:213 - Creating shared instance of singleton bean 'messagePrinter'
2019-03-05 20:29:54 DEBUG DefaultListableBeanFactory:213 - Creating shared instance of singleton bean 'car1'
2019-03-05 20:29:54 DEBUG DefaultListableBeanFactory:213 - Creating shared instance of singleton bean 'car2'
2019-03-05 20:29:54 DEBUG DefaultListableBeanFactory:213 - Creating shared instance of singleton bean 'car3'
2019-03-05 20:29:54 DEBUG DefaultListableBeanFactory:213 - Creating shared instance of singleton bean 'boss1'
2019-03-05 20:29:54 DEBUG DefaultListableBeanFactory:213 - Creating shared instance of singleton bean 'boss2'
2019-03-05 20:29:54 DEBUG DefaultListableBeanFactory:213 - Creating shared instance of singleton bean 'boss3'
2019-03-05 20:29:54 DEBUG DefaultListableBeanFactory:213 - Creating shared instance of singleton bean 'meeting'
2019-03-05 20:29:54  WARN ClassPathXmlApplicationContext:557 - Exception encountered during context initialization - cancelling refresh attempt: org.springframework.beans.factory.BeanCreationException: Error creating bean with name 'meeting' defined in class path resource [spring.xml]: Initialization of bean failed; nested exception is org.springframework.beans.ConversionNotSupportedException: Failed to convert property value of type 'java.util.ArrayList' to required type 'java.util.List' for property 'boss'; nested exception is java.lang.IllegalStateException: Cannot convert value of type 'com.spring.Boss' to required type 'java.lang.String' for property 'boss[0]': no matching editors or conversion strategy found
2019-03-05 20:29:57 DEBUG ClassPathXmlApplicationContext:594 - Refreshing org.springframework.context.support.ClassPathXmlApplicationContext@368102c8
2019-03-05 20:29:57 DEBUG XmlBeanDefinitionReader:395 - Loaded 9 bean definitions from class path resource [spring.xml]
2019-03-05 20:29:58 DEBUG DefaultListableBeanFactory:213 - Creating shared instance of singleton bean 'messageServiceImpl'
2019-03-05 20:29:58 DEBUG DefaultListableBeanFactory:213 - Creating shared instance of singleton bean 'messagePrinter'
2019-03-05 20:29:58 DEBUG DefaultListableBeanFactory:213 - Creating shared instance of singleton bean 'car1'
2019-03-05 20:29:58 DEBUG DefaultListableBeanFactory:213 - Creating shared instance of singleton bean 'car2'
2019-03-05 20:29:58 DEBUG DefaultListableBeanFactory:213 - Creating shared instance of singleton bean 'car3'
2019-03-05 20:29:58 DEBUG DefaultListableBeanFactory:213 - Creating shared instance of singleton bean 'boss1'
2019-03-05 20:29:58 DEBUG DefaultListableBeanFactory:213 - Creating shared instance of singleton bean 'boss2'
2019-03-05 20:29:58 DEBUG DefaultListableBeanFactory:213 - Creating shared instance of singleton bean 'boss3'
2019-03-05 20:29:58 DEBUG DefaultListableBeanFactory:213 - Creating shared instance of singleton bean 'meeting'
2019-03-05 20:29:58  WARN ClassPathXmlApplicationContext:557 - Exception encountered during context initialization - cancelling refresh attempt: org.springframework.beans.factory.BeanCreationException: Error creating bean with name 'meeting' defined in class path resource [spring.xml]: Initialization of bean failed; nested exception is org.springframework.beans.ConversionNotSupportedException: Failed to convert property value of type 'java.util.ArrayList' to required type 'java.util.List' for property 'boss'; nested exception is java.lang.IllegalStateException: Cannot convert value of type 'com.spring.Boss' to required type 'java.lang.String' for property 'boss[0]': no matching editors or conversion strategy found
2019-03-05 20:32:37 DEBUG ClassPathXmlApplicationContext:594 - Refreshing org.springframework.context.support.ClassPathXmlApplicationContext@368102c8
2019-03-05 20:32:37 DEBUG XmlBeanDefinitionReader:395 - Loaded 9 bean definitions from class path resource [spring.xml]
2019-03-05 20:32:37 DEBUG DefaultListableBeanFactory:213 - Creating shared instance of singleton bean 'messageServiceImpl'
2019-03-05 20:32:38 DEBUG DefaultListableBeanFactory:213 - Creating shared instance of singleton bean 'messagePrinter'
2019-03-05 20:32:38 DEBUG DefaultListableBeanFactory:213 - Creating shared instance of singleton bean 'car1'
2019-03-05 20:32:38 DEBUG DefaultListableBeanFactory:213 - Creating shared instance of singleton bean 'car2'
2019-03-05 20:32:38 DEBUG DefaultListableBeanFactory:213 - Creating shared instance of singleton bean 'car3'
2019-03-05 20:32:38 DEBUG DefaultListableBeanFactory:213 - Creating shared instance of singleton bean 'boss1'
2019-03-05 20:32:38 DEBUG DefaultListableBeanFactory:213 - Creating shared instance of singleton bean 'boss2'
2019-03-05 20:32:38 DEBUG DefaultListableBeanFactory:213 - Creating shared instance of singleton bean 'boss3'
2019-03-05 20:32:38 DEBUG DefaultListableBeanFactory:213 - Creating shared instance of singleton bean 'meeting'
2019-03-05 20:36:21 DEBUG ClassPathXmlApplicationContext:594 - Refreshing org.springframework.context.support.ClassPathXmlApplicationContext@368102c8
2019-03-05 20:36:21 DEBUG XmlBeanDefinitionReader:395 - Loaded 9 bean definitions from class path resource [spring.xml]
2019-03-05 20:36:21 DEBUG DefaultListableBeanFactory:213 - Creating shared instance of singleton bean 'messageServiceImpl'
2019-03-05 20:36:21 DEBUG DefaultListableBeanFactory:213 - Creating shared instance of singleton bean 'messagePrinter'
2019-03-05 20:36:21 DEBUG DefaultListableBeanFactory:213 - Creating shared instance of singleton bean 'car1'
2019-03-05 20:36:21 DEBUG DefaultListableBeanFactory:213 - Creating shared instance of singleton bean 'car2'
2019-03-05 20:36:21 DEBUG DefaultListableBeanFactory:213 - Creating shared instance of singleton bean 'car3'
2019-03-05 20:36:21 DEBUG DefaultListableBeanFactory:213 - Creating shared instance of singleton bean 'boss1'
2019-03-05 20:36:21 DEBUG DefaultListableBeanFactory:213 - Creating shared instance of singleton bean 'boss2'
2019-03-05 20:36:21 DEBUG DefaultListableBeanFactory:213 - Creating shared instance of singleton bean 'boss3'
2019-03-05 20:36:21 DEBUG DefaultListableBeanFactory:213 - Creating shared instance of singleton bean 'meeting'
2019-03-05 20:36:46 DEBUG ClassPathXmlApplicationContext:594 - Refreshing org.springframework.context.support.ClassPathXmlApplicationContext@368102c8
2019-03-05 20:36:47 DEBUG XmlBeanDefinitionReader:395 - Loaded 9 bean definitions from class path resource [spring.xml]
2019-03-05 20:36:47 DEBUG DefaultListableBeanFactory:213 - Creating shared instance of singleton bean 'messageServiceImpl'
2019-03-05 20:36:47 DEBUG DefaultListableBeanFactory:213 - Creating shared instance of singleton bean 'messagePrinter'
2019-03-05 20:36:47 DEBUG DefaultListableBeanFactory:213 - Creating shared instance of singleton bean 'car1'
2019-03-05 20:36:47 DEBUG DefaultListableBeanFactory:213 - Creating shared instance of singleton bean 'car2'
2019-03-05 20:36:47 DEBUG DefaultListableBeanFactory:213 - Creating shared instance of singleton bean 'car3'
2019-03-05 20:36:47 DEBUG DefaultListableBeanFactory:213 - Creating shared instance of singleton bean 'boss1'
2019-03-05 20:36:47 DEBUG DefaultListableBeanFactory:213 - Creating shared instance of singleton bean 'boss2'
2019-03-05 20:36:47 DEBUG DefaultListableBeanFactory:213 - Creating shared instance of singleton bean 'boss3'
2019-03-05 20:36:47 DEBUG DefaultListableBeanFactory:213 - Creating shared instance of singleton bean 'meeting'
2019-03-05 20:37:34 DEBUG ClassPathXmlApplicationContext:594 - Refreshing org.springframework.context.support.ClassPathXmlApplicationContext@368102c8
2019-03-05 20:37:34 DEBUG XmlBeanDefinitionReader:395 - Loaded 9 bean definitions from class path resource [spring.xml]
2019-03-05 20:37:34 DEBUG DefaultListableBeanFactory:213 - Creating shared instance of singleton bean 'messageServiceImpl'
2019-03-05 20:37:34 DEBUG DefaultListableBeanFactory:213 - Creating shared instance of singleton bean 'messagePrinter'
2019-03-05 20:37:34 DEBUG DefaultListableBeanFactory:213 - Creating shared instance of singleton bean 'car1'
2019-03-05 20:37:34 DEBUG DefaultListableBeanFactory:213 - Creating shared instance of singleton bean 'car2'
2019-03-05 20:37:34 DEBUG DefaultListableBeanFactory:213 - Creating shared instance of singleton bean 'car3'
2019-03-05 20:37:34 DEBUG DefaultListableBeanFactory:213 - Creating shared instance of singleton bean 'boss1'
2019-03-05 20:37:34 DEBUG DefaultListableBeanFactory:213 - Creating shared instance of singleton bean 'boss2'
2019-03-05 20:37:34 DEBUG DefaultListableBeanFactory:213 - Creating shared instance of singleton bean 'boss3'
2019-03-05 20:37:34 DEBUG DefaultListableBeanFactory:213 - Creating shared instance of singleton bean 'meeting'
2019-03-06 15:58:11 DEBUG ClassPathXmlApplicationContext:594 - Refreshing org.springframework.context.support.ClassPathXmlApplicationContext@368102c8
2019-03-06 15:58:11 DEBUG XmlBeanDefinitionReader:395 - Loaded 9 bean definitions from class path resource [spring.xml]
2019-03-06 15:58:12 DEBUG DefaultListableBeanFactory:213 - Creating shared instance of singleton bean 'messageServiceImpl'
2019-03-06 15:58:12 DEBUG DefaultListableBeanFactory:213 - Creating shared instance of singleton bean 'messagePrinter'
2019-03-06 15:58:12 DEBUG DefaultListableBeanFactory:213 - Creating shared instance of singleton bean 'car1'
2019-03-06 15:58:12 DEBUG DefaultListableBeanFactory:213 - Creating shared instance of singleton bean 'car2'
2019-03-06 15:58:12 DEBUG DefaultListableBeanFactory:213 - Creating shared instance of singleton bean 'car3'
2019-03-06 15:58:12 DEBUG DefaultListableBeanFactory:213 - Creating shared instance of singleton bean 'boss1'
2019-03-06 15:58:12 DEBUG DefaultListableBeanFactory:213 - Creating shared instance of singleton bean 'boss2'
2019-03-06 15:58:12 DEBUG DefaultListableBeanFactory:213 - Creating shared instance of singleton bean 'boss3'
2019-03-06 15:58:12 DEBUG DefaultListableBeanFactory:213 - Creating shared instance of singleton bean 'meeting'
2019-03-06 20:21:26 DEBUG ClassPathXmlApplicationContext:594 - Refreshing org.springframework.context.support.ClassPathXmlApplicationContext@368102c8
2019-03-06 20:21:27 DEBUG XmlBeanDefinitionReader:395 - Loaded 12 bean definitions from class path resource [spring.xml]
2019-03-06 20:21:27 DEBUG DefaultListableBeanFactory:213 - Creating shared instance of singleton bean 'messageServiceImpl'
2019-03-06 20:21:27 DEBUG DefaultListableBeanFactory:213 - Creating shared instance of singleton bean 'messagePrinter'
2019-03-06 20:21:27 DEBUG DefaultListableBeanFactory:213 - Creating shared instance of singleton bean 'car1'
2019-03-06 20:21:27 DEBUG DefaultListableBeanFactory:213 - Creating shared instance of singleton bean 'car2'
2019-03-06 20:21:27 DEBUG DefaultListableBeanFactory:213 - Creating shared instance of singleton bean 'car3'
2019-03-06 20:21:27 DEBUG DefaultListableBeanFactory:213 - Creating shared instance of singleton bean 'boss1'
2019-03-06 20:21:27 DEBUG DefaultListableBeanFactory:213 - Creating shared instance of singleton bean 'boss2'
2019-03-06 20:21:27 DEBUG DefaultListableBeanFactory:213 - Creating shared instance of singleton bean 'boss3'
2019-03-06 20:21:27 DEBUG DefaultListableBeanFactory:213 - Creating shared instance of singleton bean 'meeting'
2019-03-06 20:21:27 DEBUG DefaultListableBeanFactory:213 - Creating shared instance of singleton bean 'max'
2019-03-06 20:21:27 DEBUG DefaultListableBeanFactory:213 - Creating shared instance of singleton bean 'user'
2019-03-06 20:21:27 DEBUG DefaultListableBeanFactory:213 - Creating shared instance of singleton bean 'userLogin'
2019-03-07 10:03:38 DEBUG ClassPathXmlApplicationContext:594 - Refreshing org.springframework.context.support.ClassPathXmlApplicationContext@15615099
2019-03-07 10:03:38 DEBUG XmlBeanDefinitionReader:395 - Loaded 5 bean definitions from class path resource [spring.xml]
2019-03-07 10:03:38 DEBUG DefaultListableBeanFactory:213 - Creating shared instance of singleton bean 'org.springframework.aop.config.internalAutoProxyCreator'
2019-03-07 10:03:39 DEBUG DefaultListableBeanFactory:213 - Creating shared instance of singleton bean 'hello'
2019-03-07 10:03:39 DEBUG DefaultListableBeanFactory:213 - Creating shared instance of singleton bean 'org.springframework.aop.aspectj.AspectJPointcutAdvisor#0'
2019-03-07 10:03:39 DEBUG DefaultListableBeanFactory:213 - Creating shared instance of singleton bean 'mybeforeAdvice'
2019-03-07 10:09:55 DEBUG ClassPathXmlApplicationContext:594 - Refreshing org.springframework.context.support.ClassPathXmlApplicationContext@368102c8
2019-03-07 10:09:55 DEBUG XmlBeanDefinitionReader:395 - Loaded 5 bean definitions from class path resource [spring.xml]
2019-03-07 10:09:55 DEBUG DefaultListableBeanFactory:213 - Creating shared instance of singleton bean 'org.springframework.aop.config.internalAutoProxyCreator'
2019-03-07 10:09:55 DEBUG DefaultListableBeanFactory:213 - Creating shared instance of singleton bean 'hello'
2019-03-07 10:09:55 DEBUG DefaultListableBeanFactory:213 - Creating shared instance of singleton bean 'org.springframework.aop.aspectj.AspectJPointcutAdvisor#0'
2019-03-07 10:09:56 DEBUG DefaultListableBeanFactory:213 - Creating shared instance of singleton bean 'mybeforeAdvice'
2019-03-07 10:13:02 DEBUG ClassPathXmlApplicationContext:594 - Refreshing org.springframework.context.support.ClassPathXmlApplicationContext@368102c8
2019-03-07 10:13:03 DEBUG XmlBeanDefinitionReader:395 - Loaded 5 bean definitions from class path resource [spring.xml]
2019-03-07 10:13:03 DEBUG DefaultListableBeanFactory:213 - Creating shared instance of singleton bean 'org.springframework.aop.config.internalAutoProxyCreator'
2019-03-07 10:13:03 DEBUG DefaultListableBeanFactory:213 - Creating shared instance of singleton bean 'hello'
2019-03-07 10:13:03 DEBUG DefaultListableBeanFactory:213 - Creating shared instance of singleton bean 'org.springframework.aop.aspectj.AspectJPointcutAdvisor#0'
2019-03-07 10:13:03 DEBUG DefaultListableBeanFactory:213 - Creating shared instance of singleton bean 'mybeforeAdvice'
2019-03-07 10:17:28 DEBUG ClassPathXmlApplicationContext:594 - Refreshing org.springframework.context.support.ClassPathXmlApplicationContext@368102c8
2019-03-07 10:17:28 DEBUG XmlBeanDefinitionReader:395 - Loaded 5 bean definitions from class path resource [spring.xml]
2019-03-07 10:17:28 DEBUG DefaultListableBeanFactory:213 - Creating shared instance of singleton bean 'org.springframework.aop.config.internalAutoProxyCreator'
2019-03-07 10:17:28 DEBUG DefaultListableBeanFactory:213 - Creating shared instance of singleton bean 'hello'
2019-03-07 10:17:28 DEBUG DefaultListableBeanFactory:213 - Creating shared instance of singleton bean 'org.springframework.aop.aspectj.AspectJPointcutAdvisor#0'
2019-03-07 10:17:29 DEBUG DefaultListableBeanFactory:213 - Creating shared instance of singleton bean 'mybeforeAdvice'
