2019-03-06 17:12:20 DEBUG SpringJUnit4ClassRunner:139 - SpringJUnit4ClassRunner constructor called with [class MaxTest]
2019-03-06 17:12:20 DEBUG BootstrapUtils:96 - Instantiating CacheAwareContextLoaderDelegate from class [org.springframework.test.context.cache.DefaultCacheAwareContextLoaderDelegate]
2019-03-06 17:12:20 DEBUG BootstrapUtils:79 - Instantiating BootstrapContext using constructor [public org.springframework.test.context.support.DefaultBootstrapContext(java.lang.Class,org.springframework.test.context.CacheAwareContextLoaderDelegate)]
2019-03-06 17:12:20 DEBUG BootstrapUtils:132 - Instantiating TestContextBootstrapper for test class [MaxTest] from class [org.springframework.test.context.support.DefaultTestContextBootstrapper]
2019-03-06 17:12:20 DEBUG AbstractDelegatingSmartContextLoader:263 - Delegating to GenericXmlContextLoader to process context configuration [ContextConfigurationAttributes@5f375618 declaringClass = 'MaxTest', classes = '{}', locations = '{/spring.xml}', inheritLocations = true, initializers = '{}', inheritInitializers = true, name = [null], contextLoaderClass = 'org.springframework.test.context.ContextLoader'].
2019-03-06 17:12:20 DEBUG ActiveProfilesUtils:79 - Could not find an 'annotation declaring class' for annotation type [org.springframework.test.context.ActiveProfiles] and class [MaxTest]
2019-03-06 17:12:20 DEBUG DefaultTestContextBootstrapper:125 - @TestExecutionListeners is not present for class [MaxTest]: using defaults.
2019-03-06 17:12:20  INFO DefaultTestContextBootstrapper:248 - Loaded default TestExecutionListener class names from location [META-INF/spring.factories]: [org.springframework.test.context.web.ServletTestExecutionListener, org.springframework.test.context.support.DirtiesContextBeforeModesTestExecutionListener, org.springframework.test.context.support.DependencyInjectionTestExecutionListener, org.springframework.test.context.support.DirtiesContextTestExecutionListener, org.springframework.test.context.transaction.TransactionalTestExecutionListener, org.springframework.test.context.jdbc.SqlScriptsTestExecutionListener]
2019-03-06 17:12:20 DEBUG DefaultTestContextBootstrapper:192 - Skipping candidate TestExecutionListener [org.springframework.test.context.web.ServletTestExecutionListener] due to a missing dependency. Specify custom listener classes or make the default listener classes and their required dependencies available. Offending class: [javax/servlet/ServletContext]
2019-03-06 17:12:20 DEBUG DefaultTestContextBootstrapper:192 - Skipping candidate TestExecutionListener [org.springframework.test.context.transaction.TransactionalTestExecutionListener] due to a missing dependency. Specify custom listener classes or make the default listener classes and their required dependencies available. Offending class: [org/springframework/transaction/interceptor/TransactionAttributeSource]
2019-03-06 17:12:20 DEBUG DefaultTestContextBootstrapper:192 - Skipping candidate TestExecutionListener [org.springframework.test.context.jdbc.SqlScriptsTestExecutionListener] due to a missing dependency. Specify custom listener classes or make the default listener classes and their required dependencies available. Offending class: [org/springframework/transaction/interceptor/TransactionAttribute]
2019-03-06 17:12:20  INFO DefaultTestContextBootstrapper:177 - Using TestExecutionListeners: [org.springframework.test.context.support.DirtiesContextBeforeModesTestExecutionListener@1a968a59, org.springframework.test.context.support.DependencyInjectionTestExecutionListener@4667ae56, org.springframework.test.context.support.DirtiesContextTestExecutionListener@77cd7a0]
2019-03-06 17:12:20 DEBUG ProfileValueUtils:70 - Retrieved @ProfileValueSourceConfiguration [null] for test class [MaxTest]
2019-03-06 17:12:20 DEBUG ProfileValueUtils:83 - Retrieved ProfileValueSource type [class org.springframework.test.annotation.SystemProfileValueSource] for class [MaxTest]
2019-03-06 17:12:20 DEBUG ProfileValueUtils:70 - Retrieved @ProfileValueSourceConfiguration [null] for test class [MaxTest]
2019-03-06 17:12:20 DEBUG ProfileValueUtils:83 - Retrieved ProfileValueSource type [class org.springframework.test.annotation.SystemProfileValueSource] for class [MaxTest]
2019-03-06 17:12:20 DEBUG ProfileValueUtils:70 - Retrieved @ProfileValueSourceConfiguration [null] for test class [MaxTest]
2019-03-06 17:12:20 DEBUG ProfileValueUtils:83 - Retrieved ProfileValueSource type [class org.springframework.test.annotation.SystemProfileValueSource] for class [MaxTest]
2019-03-06 17:12:20 DEBUG ProfileValueUtils:70 - Retrieved @ProfileValueSourceConfiguration [null] for test class [MaxTest]
2019-03-06 17:12:20 DEBUG ProfileValueUtils:83 - Retrieved ProfileValueSource type [class org.springframework.test.annotation.SystemProfileValueSource] for class [MaxTest]
2019-03-06 17:12:20 DEBUG AbstractDirtiesContextTestExecutionListener:142 - Before test class: context [DefaultTestContext@3159c4b8 testClass = MaxTest, testInstance = [null], testMethod = [null], testException = [null], mergedContextConfiguration = [MergedContextConfiguration@73846619 testClass = MaxTest, locations = '{classpath:/spring.xml}', classes = '{}', contextInitializerClasses = '[]', activeProfiles = '{}', propertySourceLocations = '{}', propertySourceProperties = '{}', contextCustomizers = set[[empty]], contextLoader = 'org.springframework.test.context.support.DelegatingSmartContextLoader', parent = [null]], attributes = map[[empty]]], class annotated with @DirtiesContext [false] with mode [null].
2019-03-06 17:12:20 DEBUG ProfileValueUtils:70 - Retrieved @ProfileValueSourceConfiguration [null] for test class [MaxTest]
2019-03-06 17:12:20 DEBUG ProfileValueUtils:83 - Retrieved ProfileValueSource type [class org.springframework.test.annotation.SystemProfileValueSource] for class [MaxTest]
2019-03-06 17:12:20 DEBUG DependencyInjectionTestExecutionListener:81 - Performing dependency injection for test context [[DefaultTestContext@3159c4b8 testClass = MaxTest, testInstance = MaxTest@192b07fd, testMethod = [null], testException = [null], mergedContextConfiguration = [MergedContextConfiguration@73846619 testClass = MaxTest, locations = '{classpath:/spring.xml}', classes = '{}', contextInitializerClasses = '[]', activeProfiles = '{}', propertySourceLocations = '{}', propertySourceProperties = '{}', contextCustomizers = set[[empty]], contextLoader = 'org.springframework.test.context.support.DelegatingSmartContextLoader', parent = [null]], attributes = map[[empty]]]].
2019-03-06 17:12:20 DEBUG AbstractDelegatingSmartContextLoader:273 - Delegating to GenericXmlContextLoader to load context from [MergedContextConfiguration@73846619 testClass = MaxTest, locations = '{classpath:/spring.xml}', classes = '{}', contextInitializerClasses = '[]', activeProfiles = '{}', propertySourceLocations = '{}', propertySourceProperties = '{}', contextCustomizers = set[[empty]], contextLoader = 'org.springframework.test.context.support.DelegatingSmartContextLoader', parent = [null]].
2019-03-06 17:12:20 DEBUG AbstractGenericContextLoader:109 - Loading ApplicationContext for merged context configuration [[MergedContextConfiguration@73846619 testClass = MaxTest, locations = '{classpath:/spring.xml}', classes = '{}', contextInitializerClasses = '[]', activeProfiles = '{}', propertySourceLocations = '{}', propertySourceProperties = '{}', contextCustomizers = set[[empty]], contextLoader = 'org.springframework.test.context.support.DelegatingSmartContextLoader', parent = [null]]].
2019-03-06 17:12:20 DEBUG StandardEnvironment:252 - Activating profiles []
2019-03-06 17:12:21 DEBUG XmlBeanDefinitionReader:395 - Loaded 10 bean definitions from class path resource [spring.xml]
2019-03-06 17:12:21 DEBUG GenericApplicationContext:594 - Refreshing org.springframework.context.support.GenericApplicationContext@731a74c
2019-03-06 17:12:21 DEBUG DefaultListableBeanFactory:213 - Creating shared instance of singleton bean 'org.springframework.context.annotation.internalConfigurationAnnotationProcessor'
2019-03-06 17:12:21 DEBUG DefaultListableBeanFactory:213 - Creating shared instance of singleton bean 'org.springframework.context.event.internalEventListenerProcessor'
2019-03-06 17:12:21 DEBUG DefaultListableBeanFactory:213 - Creating shared instance of singleton bean 'org.springframework.context.event.internalEventListenerFactory'
2019-03-06 17:12:21 DEBUG DefaultListableBeanFactory:213 - Creating shared instance of singleton bean 'org.springframework.context.annotation.internalAutowiredAnnotationProcessor'
2019-03-06 17:12:21 DEBUG DefaultListableBeanFactory:213 - Creating shared instance of singleton bean 'org.springframework.context.annotation.internalCommonAnnotationProcessor'
2019-03-06 17:12:21 DEBUG DefaultListableBeanFactory:213 - Creating shared instance of singleton bean 'messageServiceImpl'
2019-03-06 17:12:21 DEBUG DefaultListableBeanFactory:213 - Creating shared instance of singleton bean 'messagePrinter'
2019-03-06 17:12:21 DEBUG DefaultListableBeanFactory:213 - Creating shared instance of singleton bean 'car1'
2019-03-06 17:12:21 DEBUG DefaultListableBeanFactory:213 - Creating shared instance of singleton bean 'car2'
2019-03-06 17:12:21 DEBUG DefaultListableBeanFactory:213 - Creating shared instance of singleton bean 'car3'
2019-03-06 17:12:21 DEBUG DefaultListableBeanFactory:213 - Creating shared instance of singleton bean 'boss1'
2019-03-06 17:12:21 DEBUG DefaultListableBeanFactory:213 - Creating shared instance of singleton bean 'boss2'
2019-03-06 17:12:21 DEBUG DefaultListableBeanFactory:213 - Creating shared instance of singleton bean 'boss3'
2019-03-06 17:12:21 DEBUG DefaultListableBeanFactory:213 - Creating shared instance of singleton bean 'meeting'
2019-03-06 17:12:21 DEBUG DefaultListableBeanFactory:213 - Creating shared instance of singleton bean 'max'
2019-03-06 17:12:21 DEBUG DefaultCacheAwareContextLoaderDelegate:119 - Storing ApplicationContext in cache under key [[MergedContextConfiguration@73846619 testClass = MaxTest, locations = '{classpath:/spring.xml}', classes = '{}', contextInitializerClasses = '[]', activeProfiles = '{}', propertySourceLocations = '{}', propertySourceProperties = '{}', contextCustomizers = set[[empty]], contextLoader = 'org.springframework.test.context.support.DelegatingSmartContextLoader', parent = [null]]]
2019-03-06 17:12:21 DEBUG cache:290 - Spring test ApplicationContext cache statistics: [DefaultContextCache@5be6e01c size = 1, maxSize = 32, parentContextCount = 0, hitCount = 0, missCount = 1]
2019-03-06 17:12:21 DEBUG AbstractDirtiesContextTestExecutionListener:107 - Before test method: context [DefaultTestContext@3159c4b8 testClass = MaxTest, testInstance = MaxTest@192b07fd, testMethod = getMax@MaxTest, testException = [null], mergedContextConfiguration = [MergedContextConfiguration@73846619 testClass = MaxTest, locations = '{classpath:/spring.xml}', classes = '{}', contextInitializerClasses = '[]', activeProfiles = '{}', propertySourceLocations = '{}', propertySourceProperties = '{}', contextCustomizers = set[[empty]], contextLoader = 'org.springframework.test.context.support.DelegatingSmartContextLoader', parent = [null]], attributes = map[[empty]]], class annotated with @DirtiesContext [false] with mode [null], method annotated with @DirtiesContext [false] with mode [null].
2019-03-06 17:12:21 DEBUG Class:24 - test by mqxu
2019-03-06 17:12:21 DEBUG AbstractDirtiesContextTestExecutionListener:107 - After test method: context [DefaultTestContext@3159c4b8 testClass = MaxTest, testInstance = MaxTest@192b07fd, testMethod = getMax@MaxTest, testException = [null], mergedContextConfiguration = [MergedContextConfiguration@73846619 testClass = MaxTest, locations = '{classpath:/spring.xml}', classes = '{}', contextInitializerClasses = '[]', activeProfiles = '{}', propertySourceLocations = '{}', propertySourceProperties = '{}', contextCustomizers = set[[empty]], contextLoader = 'org.springframework.test.context.support.DelegatingSmartContextLoader', parent = [null]], attributes = map[[empty]]], class annotated with @DirtiesContext [false] with mode [null], method annotated with @DirtiesContext [false] with mode [null].
2019-03-06 17:12:21 DEBUG AbstractDirtiesContextTestExecutionListener:142 - After test class: context [DefaultTestContext@3159c4b8 testClass = MaxTest, testInstance = [null], testMethod = [null], testException = [null], mergedContextConfiguration = [MergedContextConfiguration@73846619 testClass = MaxTest, locations = '{classpath:/spring.xml}', classes = '{}', contextInitializerClasses = '[]', activeProfiles = '{}', propertySourceLocations = '{}', propertySourceProperties = '{}', contextCustomizers = set[[empty]], contextLoader = 'org.springframework.test.context.support.DelegatingSmartContextLoader', parent = [null]], attributes = map[[empty]]], class annotated with @DirtiesContext [false] with mode [null].
2019-03-06 17:12:21 DEBUG GenericApplicationContext:1002 - Closing org.springframework.context.support.GenericApplicationContext@731a74c, started on Wed Mar 06 17:12:21 CST 2019
2019-03-06 20:17:32 DEBUG SpringJUnit4ClassRunner:139 - SpringJUnit4ClassRunner constructor called with [class UserLoginTest]
2019-03-06 20:17:32 DEBUG BootstrapUtils:96 - Instantiating CacheAwareContextLoaderDelegate from class [org.springframework.test.context.cache.DefaultCacheAwareContextLoaderDelegate]
2019-03-06 20:17:32 DEBUG BootstrapUtils:79 - Instantiating BootstrapContext using constructor [public org.springframework.test.context.support.DefaultBootstrapContext(java.lang.Class,org.springframework.test.context.CacheAwareContextLoaderDelegate)]
2019-03-06 20:17:32 DEBUG BootstrapUtils:132 - Instantiating TestContextBootstrapper for test class [UserLoginTest] from class [org.springframework.test.context.support.DefaultTestContextBootstrapper]
2019-03-06 20:17:32 DEBUG AbstractDelegatingSmartContextLoader:263 - Delegating to GenericXmlContextLoader to process context configuration [ContextConfigurationAttributes@5f375618 declaringClass = 'UserLoginTest', classes = '{}', locations = '{/spring.xml}', inheritLocations = true, initializers = '{}', inheritInitializers = true, name = [null], contextLoaderClass = 'org.springframework.test.context.ContextLoader'].
2019-03-06 20:17:32 DEBUG ActiveProfilesUtils:79 - Could not find an 'annotation declaring class' for annotation type [org.springframework.test.context.ActiveProfiles] and class [UserLoginTest]
2019-03-06 20:17:32 DEBUG DefaultTestContextBootstrapper:125 - @TestExecutionListeners is not present for class [UserLoginTest]: using defaults.
2019-03-06 20:17:32  INFO DefaultTestContextBootstrapper:248 - Loaded default TestExecutionListener class names from location [META-INF/spring.factories]: [org.springframework.test.context.web.ServletTestExecutionListener, org.springframework.test.context.support.DirtiesContextBeforeModesTestExecutionListener, org.springframework.test.context.support.DependencyInjectionTestExecutionListener, org.springframework.test.context.support.DirtiesContextTestExecutionListener, org.springframework.test.context.transaction.TransactionalTestExecutionListener, org.springframework.test.context.jdbc.SqlScriptsTestExecutionListener]
2019-03-06 20:17:32 DEBUG DefaultTestContextBootstrapper:192 - Skipping candidate TestExecutionListener [org.springframework.test.context.web.ServletTestExecutionListener] due to a missing dependency. Specify custom listener classes or make the default listener classes and their required dependencies available. Offending class: [javax/servlet/ServletContext]
2019-03-06 20:17:32 DEBUG DefaultTestContextBootstrapper:192 - Skipping candidate TestExecutionListener [org.springframework.test.context.transaction.TransactionalTestExecutionListener] due to a missing dependency. Specify custom listener classes or make the default listener classes and their required dependencies available. Offending class: [org/springframework/transaction/interceptor/TransactionAttributeSource]
2019-03-06 20:17:32 DEBUG DefaultTestContextBootstrapper:192 - Skipping candidate TestExecutionListener [org.springframework.test.context.jdbc.SqlScriptsTestExecutionListener] due to a missing dependency. Specify custom listener classes or make the default listener classes and their required dependencies available. Offending class: [org/springframework/transaction/interceptor/TransactionAttribute]
2019-03-06 20:17:32  INFO DefaultTestContextBootstrapper:177 - Using TestExecutionListeners: [org.springframework.test.context.support.DirtiesContextBeforeModesTestExecutionListener@1a968a59, org.springframework.test.context.support.DependencyInjectionTestExecutionListener@4667ae56, org.springframework.test.context.support.DirtiesContextTestExecutionListener@77cd7a0]
2019-03-06 20:17:32 DEBUG ProfileValueUtils:70 - Retrieved @ProfileValueSourceConfiguration [null] for test class [UserLoginTest]
2019-03-06 20:17:32 DEBUG ProfileValueUtils:83 - Retrieved ProfileValueSource type [class org.springframework.test.annotation.SystemProfileValueSource] for class [UserLoginTest]
2019-03-06 20:17:32 DEBUG ProfileValueUtils:70 - Retrieved @ProfileValueSourceConfiguration [null] for test class [UserLoginTest]
2019-03-06 20:17:32 DEBUG ProfileValueUtils:83 - Retrieved ProfileValueSource type [class org.springframework.test.annotation.SystemProfileValueSource] for class [UserLoginTest]
2019-03-06 20:17:32 DEBUG ProfileValueUtils:70 - Retrieved @ProfileValueSourceConfiguration [null] for test class [UserLoginTest]
2019-03-06 20:17:32 DEBUG ProfileValueUtils:83 - Retrieved ProfileValueSource type [class org.springframework.test.annotation.SystemProfileValueSource] for class [UserLoginTest]
2019-03-06 20:17:32 DEBUG ProfileValueUtils:70 - Retrieved @ProfileValueSourceConfiguration [null] for test class [UserLoginTest]
2019-03-06 20:17:32 DEBUG ProfileValueUtils:83 - Retrieved ProfileValueSource type [class org.springframework.test.annotation.SystemProfileValueSource] for class [UserLoginTest]
2019-03-06 20:17:32 DEBUG AbstractDirtiesContextTestExecutionListener:142 - Before test class: context [DefaultTestContext@3159c4b8 testClass = UserLoginTest, testInstance = [null], testMethod = [null], testException = [null], mergedContextConfiguration = [MergedContextConfiguration@73846619 testClass = UserLoginTest, locations = '{classpath:/spring.xml}', classes = '{}', contextInitializerClasses = '[]', activeProfiles = '{}', propertySourceLocations = '{}', propertySourceProperties = '{}', contextCustomizers = set[[empty]], contextLoader = 'org.springframework.test.context.support.DelegatingSmartContextLoader', parent = [null]], attributes = map[[empty]]], class annotated with @DirtiesContext [false] with mode [null].
2019-03-06 20:17:32 DEBUG ProfileValueUtils:70 - Retrieved @ProfileValueSourceConfiguration [null] for test class [UserLoginTest]
2019-03-06 20:17:32 DEBUG ProfileValueUtils:83 - Retrieved ProfileValueSource type [class org.springframework.test.annotation.SystemProfileValueSource] for class [UserLoginTest]
2019-03-06 20:17:32 DEBUG DependencyInjectionTestExecutionListener:81 - Performing dependency injection for test context [[DefaultTestContext@3159c4b8 testClass = UserLoginTest, testInstance = UserLoginTest@192b07fd, testMethod = [null], testException = [null], mergedContextConfiguration = [MergedContextConfiguration@73846619 testClass = UserLoginTest, locations = '{classpath:/spring.xml}', classes = '{}', contextInitializerClasses = '[]', activeProfiles = '{}', propertySourceLocations = '{}', propertySourceProperties = '{}', contextCustomizers = set[[empty]], contextLoader = 'org.springframework.test.context.support.DelegatingSmartContextLoader', parent = [null]], attributes = map[[empty]]]].
2019-03-06 20:17:32 DEBUG AbstractDelegatingSmartContextLoader:273 - Delegating to GenericXmlContextLoader to load context from [MergedContextConfiguration@73846619 testClass = UserLoginTest, locations = '{classpath:/spring.xml}', classes = '{}', contextInitializerClasses = '[]', activeProfiles = '{}', propertySourceLocations = '{}', propertySourceProperties = '{}', contextCustomizers = set[[empty]], contextLoader = 'org.springframework.test.context.support.DelegatingSmartContextLoader', parent = [null]].
2019-03-06 20:17:32 DEBUG AbstractGenericContextLoader:109 - Loading ApplicationContext for merged context configuration [[MergedContextConfiguration@73846619 testClass = UserLoginTest, locations = '{classpath:/spring.xml}', classes = '{}', contextInitializerClasses = '[]', activeProfiles = '{}', propertySourceLocations = '{}', propertySourceProperties = '{}', contextCustomizers = set[[empty]], contextLoader = 'org.springframework.test.context.support.DelegatingSmartContextLoader', parent = [null]]].
2019-03-06 20:17:32 DEBUG StandardEnvironment:252 - Activating profiles []
2019-03-06 20:17:33 DEBUG XmlBeanDefinitionReader:395 - Loaded 12 bean definitions from class path resource [spring.xml]
2019-03-06 20:17:33 DEBUG GenericApplicationContext:594 - Refreshing org.springframework.context.support.GenericApplicationContext@731a74c
2019-03-06 20:17:33 DEBUG DefaultListableBeanFactory:213 - Creating shared instance of singleton bean 'org.springframework.context.annotation.internalConfigurationAnnotationProcessor'
2019-03-06 20:17:33 DEBUG DefaultListableBeanFactory:213 - Creating shared instance of singleton bean 'org.springframework.context.event.internalEventListenerProcessor'
2019-03-06 20:17:33 DEBUG DefaultListableBeanFactory:213 - Creating shared instance of singleton bean 'org.springframework.context.event.internalEventListenerFactory'
2019-03-06 20:17:33 DEBUG DefaultListableBeanFactory:213 - Creating shared instance of singleton bean 'org.springframework.context.annotation.internalAutowiredAnnotationProcessor'
2019-03-06 20:17:33 DEBUG DefaultListableBeanFactory:213 - Creating shared instance of singleton bean 'org.springframework.context.annotation.internalCommonAnnotationProcessor'
2019-03-06 20:17:33 DEBUG DefaultListableBeanFactory:213 - Creating shared instance of singleton bean 'messageServiceImpl'
2019-03-06 20:17:33 DEBUG DefaultListableBeanFactory:213 - Creating shared instance of singleton bean 'messagePrinter'
2019-03-06 20:17:33 DEBUG DefaultListableBeanFactory:213 - Creating shared instance of singleton bean 'car1'
2019-03-06 20:17:33 DEBUG DefaultListableBeanFactory:213 - Creating shared instance of singleton bean 'car2'
2019-03-06 20:17:33 DEBUG DefaultListableBeanFactory:213 - Creating shared instance of singleton bean 'car3'
2019-03-06 20:17:33 DEBUG DefaultListableBeanFactory:213 - Creating shared instance of singleton bean 'boss1'
2019-03-06 20:17:33 DEBUG DefaultListableBeanFactory:213 - Creating shared instance of singleton bean 'boss2'
2019-03-06 20:17:33 DEBUG DefaultListableBeanFactory:213 - Creating shared instance of singleton bean 'boss3'
2019-03-06 20:17:33 DEBUG DefaultListableBeanFactory:213 - Creating shared instance of singleton bean 'meeting'
2019-03-06 20:17:33 DEBUG DefaultListableBeanFactory:213 - Creating shared instance of singleton bean 'max'
2019-03-06 20:17:33 DEBUG DefaultListableBeanFactory:213 - Creating shared instance of singleton bean 'user'
2019-03-06 20:17:33 DEBUG DefaultListableBeanFactory:213 - Creating shared instance of singleton bean 'userLogin'
2019-03-06 20:17:33 DEBUG DefaultCacheAwareContextLoaderDelegate:119 - Storing ApplicationContext in cache under key [[MergedContextConfiguration@73846619 testClass = UserLoginTest, locations = '{classpath:/spring.xml}', classes = '{}', contextInitializerClasses = '[]', activeProfiles = '{}', propertySourceLocations = '{}', propertySourceProperties = '{}', contextCustomizers = set[[empty]], contextLoader = 'org.springframework.test.context.support.DelegatingSmartContextLoader', parent = [null]]]
2019-03-06 20:17:33 DEBUG cache:290 - Spring test ApplicationContext cache statistics: [DefaultContextCache@bef2d72 size = 1, maxSize = 32, parentContextCount = 0, hitCount = 0, missCount = 1]
2019-03-06 20:17:33 DEBUG AbstractDirtiesContextTestExecutionListener:107 - Before test method: context [DefaultTestContext@3159c4b8 testClass = UserLoginTest, testInstance = UserLoginTest@192b07fd, testMethod = userLogin@UserLoginTest, testException = [null], mergedContextConfiguration = [MergedContextConfiguration@73846619 testClass = UserLoginTest, locations = '{classpath:/spring.xml}', classes = '{}', contextInitializerClasses = '[]', activeProfiles = '{}', propertySourceLocations = '{}', propertySourceProperties = '{}', contextCustomizers = set[[empty]], contextLoader = 'org.springframework.test.context.support.DelegatingSmartContextLoader', parent = [null]], attributes = map[[empty]]], class annotated with @DirtiesContext [false] with mode [null], method annotated with @DirtiesContext [false] with mode [null].
2019-03-06 20:17:33 DEBUG AbstractDirtiesContextTestExecutionListener:107 - After test method: context [DefaultTestContext@3159c4b8 testClass = UserLoginTest, testInstance = UserLoginTest@192b07fd, testMethod = userLogin@UserLoginTest, testException = [null], mergedContextConfiguration = [MergedContextConfiguration@73846619 testClass = UserLoginTest, locations = '{classpath:/spring.xml}', classes = '{}', contextInitializerClasses = '[]', activeProfiles = '{}', propertySourceLocations = '{}', propertySourceProperties = '{}', contextCustomizers = set[[empty]], contextLoader = 'org.springframework.test.context.support.DelegatingSmartContextLoader', parent = [null]], attributes = map[[empty]]], class annotated with @DirtiesContext [false] with mode [null], method annotated with @DirtiesContext [false] with mode [null].
2019-03-06 20:17:33 DEBUG AbstractDirtiesContextTestExecutionListener:142 - After test class: context [DefaultTestContext@3159c4b8 testClass = UserLoginTest, testInstance = [null], testMethod = [null], testException = [null], mergedContextConfiguration = [MergedContextConfiguration@73846619 testClass = UserLoginTest, locations = '{classpath:/spring.xml}', classes = '{}', contextInitializerClasses = '[]', activeProfiles = '{}', propertySourceLocations = '{}', propertySourceProperties = '{}', contextCustomizers = set[[empty]], contextLoader = 'org.springframework.test.context.support.DelegatingSmartContextLoader', parent = [null]], attributes = map[[empty]]], class annotated with @DirtiesContext [false] with mode [null].
2019-03-06 20:17:33 DEBUG GenericApplicationContext:1002 - Closing org.springframework.context.support.GenericApplicationContext@731a74c, started on Wed Mar 06 20:17:33 CST 2019
